<?xml version="1.0" encoding="UTF-8"?>
<!-- Generated by org.testng.reporters.JUnitXMLReporter -->
<testsuite hostname="DESKTOP-T2E0GIU" ignored="0" name="Test" tests="4" failures="0" timestamp="2020-04-18T13:19:30 CEST" time="2.479" errors="0">
  <testcase name="CreatingIssueTest" time="2.016" classname="RestAssuredPractice.CreateIssue"/>
  <testcase name="UpdateCommentTest" time="0.173" classname="RestAssuredPractice.UpdateComment"/>
  <testcase name="StartingSessionTest" time="0.053" classname="RestAssuredPractice.Session"/>
  <testcase name="AddingCommentTest" time="0.199" classname="RestAssuredPractice.AddComment"/>
</testsuite> <!-- Test -->
