<?xml version="1.0" encoding="UTF-8"?>
<testsuite xmlns:xsi="http://www.w3.org/2001/XMLSchema-instance" xsi:noNamespaceSchemaLocation="https://maven.apache.org/surefire/maven-surefire-plugin/xsd/surefire-test-report-3.0.xsd" version="3.0" name="TestSuite" time="3.636" tests="4" errors="0" skipped="0" failures="0">
  <properties>
[...]
</properties>
  <testcase name="CreatingIssueTest" classname="RestAssuredPractice.CreateIssue" time="2.026"/>
  <testcase name="UpdateCommentTest" classname="RestAssuredPractice.UpdateComment" time="0.171"/>
  <testcase name="StartingSessionTest" classname="RestAssuredPractice.Session" time="0.047"/>
  <testcase name="AddingCommentTest" classname="RestAssuredPractice.AddComment" time="0.196"/>
</testsuite>