<?xml version="1.0" encoding="UTF-8"?>
<testng-results skipped="0" failed="0" ignored="0" total="1" passed="1">
  <reporter-output>
  </reporter-output>
  <suite name="Default suite" duration-ms="2465" started-at="2020-04-21T12:45:02 CEST" finished-at="2020-04-21T12:45:04 CEST">
    <groups>
    </groups>
    <test name="Default test" duration-ms="2465" started-at="2020-04-21T12:45:02 CEST" finished-at="2020-04-21T12:45:04 CEST">
      <class name="RestAssuredPractice.DeleteIssue">
        <test-method status="PASS" signature="loadFileEnv()[pri:0, instance:RestAssuredPractice.DeleteIssue@68567e20]" name="loadFileEnv" is-config="true" duration-ms="10" started-at="2020-04-21T12:45:02 CEST" finished-at="2020-04-21T12:45:02 CEST">
          <reporter-output>
          </reporter-output>
        </test-method> <!-- loadFileEnv -->
        <test-method status="PASS" signature="DeletingIssueTest()[pri:0, instance:RestAssuredPractice.DeleteIssue@68567e20]" name="DeletingIssueTest" duration-ms="2404" started-at="2020-04-21T12:45:02 CEST" finished-at="2020-04-21T12:45:04 CEST">
          <reporter-output>
          </reporter-output>
        </test-method> <!-- DeletingIssueTest -->
      </class> <!-- RestAssuredPractice.DeleteIssue -->
    </test> <!-- Default test -->
  </suite> <!-- Default suite -->
</testng-results>
